<?xml version="1.0" encoding="UTF-8"?>
<coverage generated="1595226272529" clover="3.2.0">
  <project timestamp="1595226272530" name="All files">
    <metrics statements="4" coveredstatements="0" conditionals="0" coveredconditionals="0" methods="1" coveredmethods="0" elements="5" coveredelements="0" complexity="0" loc="4" ncloc="4" packages="1" files="2" classes="2"/>
    <file name="App.vue" path="/Users/honney/KKB/Session_20/Preview/vue-study/vue-test/src/App.vue">
      <metrics statements="1" coveredstatements="0" conditionals="0" coveredconditionals="0" methods="0" coveredmethods="0"/>
      <line num="9" count="0" type="stmt"/>
    </file>
    <file name="main.js" path="/Users/honney/KKB/Session_20/Preview/vue-study/vue-test/src/main.js">
      <metrics statements="3" coveredstatements="0" conditionals="0" coveredconditionals="0" methods="1" coveredmethods="0"/>
      <line num="4" count="0" type="stmt"/>
      <line num="6" count="0" type="stmt"/>
      <line num="7" count="0" type="stmt"/>
    </file>
  </project>
</coverage>
