{"/Users/honney/KKB/Session_20/Preview/vue-study/vue-test/src/App.vue": {"path":"/Users/honney/KKB/Session_20/Preview/vue-study/vue-test/src/App.vue","statementMap":{"0":{"start":{"line":9,"column":0},"end":{"line":9,"column":null}}},"fnMap":{},"branchMap":{},"s":{"0":0},"f":{},"b":{}}
,"/Users/honney/KKB/Session_20/Preview/vue-study/vue-test/src/main.js": {"path":"/Users/honney/KKB/Session_20/Preview/vue-study/vue-test/src/main.js","statementMap":{"0":{"start":{"line":4,"column":0},"end":{"line":4,"column":32}},"1":{"start":{"line":6,"column":0},"end":{"line":8,"column":17}},"2":{"start":{"line":7,"column":15},"end":{"line":7,"column":21}}},"fnMap":{"0":{"name":"(anonymous_0)","decl":{"start":{"line":7,"column":10},"end":{"line":7,"column":11}},"loc":{"start":{"line":7,"column":15},"end":{"line":7,"column":21}},"line":7}},"branchMap":{},"s":{"0":0,"1":0,"2":0},"f":{"0":0},"b":{},"hash":"1a60c79c7167086b96e2b72b7086d88f199e7ec7"}
}
